<?xml version="1.0" encoding="UTF-8"?>
<!-- Generated by org.testng.reporters.JUnitReportReporter -->
<testsuite hostname="LAPTOP-JGFOPR4G" failures="0" tests="4" name="api.com.APItest" time="6.673" errors="0" timestamp="2022-08-18T11:51:04 IST" skipped="0">
  <testcase classname="api.com.APItest" name="findpetstatus" time="2.242"/>
  <system-out/>
  <testcase classname="api.com.APItest" name="findpetstatus" time="1.452"/>
  <system-out/>
  <testcase classname="api.com.APItest" name="findpetstatus" time="1.527"/>
  <system-out/>
  <testcase classname="api.com.APItest" name="put" time="1.452"/>
  <system-out/>
</testsuite> <!-- api.com.APItest -->
